MODELICAPATH = .:/mnt/Users/nlong/working/urban-analysis/run_tes/models/tes/sim_1:/mnt:/mnt/Users/nlong/working/urban-analysis/modelica-buildings/Buildings:/Spawn-0.3.0-8d93151657-Linux/bin/../etc/MSL/MSL400:
extra_lib_dirs = 
Parsing /mnt/Users/nlong/working/urban-analysis/modelica-buildings/Buildings/package.mo...
Checking for errors...
Parsing ./StratifiedUnloadAtMinimumTemperature.mo...
Parsing /mnt/Users/nlong/working/urban-analysis/run_tes/models/tes/sim_1/StratifiedUnloadAtMinimumTemperature.mo...
Parsing /Spawn-0.3.0-8d93151657-Linux/bin/../etc/MSL/MSL400/Modelica/package.mo...
Parsing /Spawn-0.3.0-8d93151657-Linux/bin/../etc/MSL/MSL400/Modelica/Icons.mo...
Parsing /mnt/Users/nlong/working/urban-analysis/modelica-buildings/Buildings/Fluid/package.mo...
Parsing /mnt/Users/nlong/working/urban-analysis/modelica-buildings/Buildings/Fluid/Storage/package.mo...
Parsing /mnt/Users/nlong/working/urban-analysis/modelica-buildings/Buildings/Fluid/Storage/Stratified.mo...
Parsing /mnt/Users/nlong/working/urban-analysis/modelica-buildings/Buildings/Fluid/Storage/BaseClasses/package.mo...
Parsing /mnt/Users/nlong/working/urban-analysis/modelica-buildings/Buildings/Fluid/Storage/BaseClasses/PartialStratified.mo...
Parsing /mnt/Users/nlong/working/urban-analysis/modelica-buildings/Buildings/Fluid/Interfaces/package.mo...
Parsing /mnt/Users/nlong/working/urban-analysis/modelica-buildings/Buildings/Fluid/Interfaces/PartialTwoPortInterface.mo...
Parsing /mnt/Users/nlong/working/urban-analysis/modelica-buildings/Buildings/Fluid/Interfaces/PartialTwoPort.mo...
Parsing /mnt/Users/nlong/working/urban-analysis/modelica-buildings/Buildings/Fluid/Sources/package.mo...
Parsing /mnt/Users/nlong/working/urban-analysis/modelica-buildings/Buildings/Fluid/Sources/Boundary_pT.mo...
Parsing /mnt/Users/nlong/working/urban-analysis/modelica-buildings/Buildings/Fluid/Sources/BaseClasses/package.mo...
Parsing /mnt/Users/nlong/working/urban-analysis/modelica-buildings/Buildings/Fluid/Sources/BaseClasses/PartialSource_Xi_C.mo...
Parsing /mnt/Users/nlong/working/urban-analysis/modelica-buildings/Buildings/Fluid/Sources/BaseClasses/PartialSource.mo...
Parsing /mnt/Users/nlong/working/urban-analysis/modelica-buildings/Buildings/Fluid/Sources/MassFlowSource_T.mo...
Parsing /mnt/Users/nlong/working/urban-analysis/modelica-buildings/Buildings/Fluid/Actuators/package.mo...
Parsing /mnt/Users/nlong/working/urban-analysis/modelica-buildings/Buildings/Fluid/Actuators/Valves/package.mo...
Parsing /mnt/Users/nlong/working/urban-analysis/modelica-buildings/Buildings/Fluid/Actuators/Valves/TwoWayLinear.mo...
Parsing /mnt/Users/nlong/working/urban-analysis/modelica-buildings/Buildings/Fluid/Actuators/BaseClasses/package.mo...
Parsing /mnt/Users/nlong/working/urban-analysis/modelica-buildings/Buildings/Fluid/Actuators/BaseClasses/PartialTwoWayValveKv.mo...
Parsing /mnt/Users/nlong/working/urban-analysis/modelica-buildings/Buildings/Fluid/Actuators/BaseClasses/PartialTwoWayValve.mo...
Parsing /mnt/Users/nlong/working/urban-analysis/modelica-buildings/Buildings/Fluid/BaseClasses/package.mo...
Parsing /mnt/Users/nlong/working/urban-analysis/modelica-buildings/Buildings/Fluid/BaseClasses/PartialResistance.mo...
Parsing /mnt/Users/nlong/working/urban-analysis/modelica-buildings/Buildings/Fluid/Actuators/BaseClasses/ValveParameters.mo...
Parsing /mnt/Users/nlong/working/urban-analysis/modelica-buildings/Buildings/Fluid/Actuators/BaseClasses/ActuatorSignal.mo...
Parsing /Spawn-0.3.0-8d93151657-Linux/bin/../etc/MSL/MSL400/Modelica/Thermal/package.mo...
Parsing /Spawn-0.3.0-8d93151657-Linux/bin/../etc/MSL/MSL400/Modelica/Thermal/HeatTransfer/package.mo...
Parsing /Spawn-0.3.0-8d93151657-Linux/bin/../etc/MSL/MSL400/Modelica/Thermal/HeatTransfer/Sensors/package.mo...
Parsing /Spawn-0.3.0-8d93151657-Linux/bin/../etc/MSL/MSL400/Modelica/Thermal/HeatTransfer/Sensors/TemperatureSensor.mo...
Parsing /Spawn-0.3.0-8d93151657-Linux/bin/../etc/MSL/MSL400/Modelica/Blocks/package.mo...
Parsing /Spawn-0.3.0-8d93151657-Linux/bin/../etc/MSL/MSL400/Modelica/Blocks/Logical.mo...
Parsing /Spawn-0.3.0-8d93151657-Linux/bin/../etc/MSL/MSL400/Modelica/Blocks/Icons.mo...
Parsing /mnt/Users/nlong/working/urban-analysis/modelica-buildings/Buildings/Fluid/Sensors/package.mo...
Parsing /mnt/Users/nlong/working/urban-analysis/modelica-buildings/Buildings/Fluid/Sensors/TemperatureTwoPort.mo...
Parsing /mnt/Users/nlong/working/urban-analysis/modelica-buildings/Buildings/Fluid/Sensors/BaseClasses/package.mo...
Parsing /mnt/Users/nlong/working/urban-analysis/modelica-buildings/Buildings/Fluid/Sensors/BaseClasses/PartialDynamicFlowSensor.mo...
Parsing /mnt/Users/nlong/working/urban-analysis/modelica-buildings/Buildings/Fluid/Sensors/BaseClasses/PartialFlowSensor.mo...
Parsing /Spawn-0.3.0-8d93151657-Linux/bin/../etc/MSL/MSL400/Modelica/Blocks/Interfaces.mo...
Parsing /Spawn-0.3.0-8d93151657-Linux/bin/../etc/MSL/MSL400/Modelica/Blocks/Math.mo...
Parsing /Spawn-0.3.0-8d93151657-Linux/bin/../etc/MSL/MSL400/Modelica/Thermal/HeatTransfer/Sources/package.mo...
Parsing /Spawn-0.3.0-8d93151657-Linux/bin/../etc/MSL/MSL400/Modelica/Thermal/HeatTransfer/Sources/PrescribedHeatFlow.mo...
Parsing /Spawn-0.3.0-8d93151657-Linux/bin/../etc/MSL/MSL400/Modelica/Fluid/package.mo...
Parsing /Spawn-0.3.0-8d93151657-Linux/bin/../etc/MSL/MSL400/Modelica/Fluid/Interfaces.mo...
Parsing /Spawn-0.3.0-8d93151657-Linux/bin/../etc/MSL/MSL400/Modelica/Units.mo...
Parsing /Spawn-0.3.0-8d93151657-Linux/bin/../etc/MSL/MSL400/Modelica/Fluid/Types.mo...
Parsing /mnt/Users/nlong/working/urban-analysis/modelica-buildings/Buildings/Media/package.mo...
Parsing /mnt/Users/nlong/working/urban-analysis/modelica-buildings/Buildings/Media/Water.mo...
Parsing /Spawn-0.3.0-8d93151657-Linux/bin/../etc/MSL/MSL400/Modelica/Media/package.mo...
Parsing /Spawn-0.3.0-8d93151657-Linux/bin/../etc/MSL/MSL400/Modelica/Media/Water/package.mo...
Parsing /Spawn-0.3.0-8d93151657-Linux/bin/../etc/MSL/MSL400/Modelica/Thermal/HeatTransfer/Interfaces/package.mo...
Parsing /Spawn-0.3.0-8d93151657-Linux/bin/../etc/MSL/MSL400/Modelica/Thermal/HeatTransfer/Interfaces/HeatPort_a.mo...
Parsing /Spawn-0.3.0-8d93151657-Linux/bin/../etc/MSL/MSL400/Modelica/Thermal/HeatTransfer/Interfaces/HeatPort.mo...
Parsing /mnt/Users/nlong/working/urban-analysis/modelica-buildings/Buildings/Fluid/MixingVolumes/package.mo...
Parsing /mnt/Users/nlong/working/urban-analysis/modelica-buildings/Buildings/Fluid/MixingVolumes/MixingVolume.mo...
Parsing /mnt/Users/nlong/working/urban-analysis/modelica-buildings/Buildings/Fluid/MixingVolumes/BaseClasses/package.mo...
Parsing /mnt/Users/nlong/working/urban-analysis/modelica-buildings/Buildings/Fluid/MixingVolumes/BaseClasses/PartialMixingVolume.mo...
Parsing /mnt/Users/nlong/working/urban-analysis/modelica-buildings/Buildings/Fluid/Interfaces/LumpedVolumeDeclarations.mo...
Parsing /mnt/Users/nlong/working/urban-analysis/modelica-buildings/Buildings/Fluid/Storage/BaseClasses/Buoyancy.mo...
Parsing /Spawn-0.3.0-8d93151657-Linux/bin/../etc/MSL/MSL400/Modelica/Thermal/HeatTransfer/Components/package.mo...
Parsing /Spawn-0.3.0-8d93151657-Linux/bin/../etc/MSL/MSL400/Modelica/Thermal/HeatTransfer/Components/ThermalConductor.mo...
Parsing /Spawn-0.3.0-8d93151657-Linux/bin/../etc/MSL/MSL400/Modelica/Thermal/HeatTransfer/Interfaces/Element1D.mo...
Parsing /Spawn-0.3.0-8d93151657-Linux/bin/../etc/MSL/MSL400/Modelica/Thermal/HeatTransfer/Sensors/HeatFlowSensor.mo...
Parsing /Spawn-0.3.0-8d93151657-Linux/bin/../etc/MSL/MSL400/Modelica/Blocks/Routing.mo...
Parsing /Spawn-0.3.0-8d93151657-Linux/bin/../etc/MSL/MSL400/Modelica/Thermal/HeatTransfer/Components/ThermalCollector.mo...
Parsing /Spawn-0.3.0-8d93151657-Linux/bin/../etc/MSL/MSL400/Modelica/Constants.mo...
Parsing /Spawn-0.3.0-8d93151657-Linux/bin/../etc/MSL/MSL400/Modelica/Fluid/Vessels.mo...
Parsing /mnt/Users/nlong/working/urban-analysis/modelica-buildings/Buildings/Fluid/Interfaces/StaticTwoPortConservationEquation.mo...
Parsing /mnt/Users/nlong/working/urban-analysis/modelica-buildings/Buildings/Fluid/Interfaces/ConservationEquation.mo...
