24-Jul-22 20:33:00 - INFO: args: Namespace(action='compile', compiler='optimica', model='StratifiedUnloadAtMinimumTemperature.mo', modelica_path='.')
24-Jul-22 20:33:00 - INFO: Compiling StratifiedUnloadAtMinimumTemperature
24-Jul-22 20:33:00 - INFO: Modelica path is .
24-Jul-22 20:33:00 - INFO: MBL path is /mnt/Users/nlong/working/urban-analysis/run_tes/models/tes /mnt /mnt/Users/nlong/working/urban-analysis/modelica-buildings/Buildings
24-Jul-22 20:33:00 - INFO: Calling spawn compile with 'spawn modelica --create-fmu StratifiedUnloadAtMinimumTemperature --modelica-path . /mnt/Users/nlong/working/urban-analysis/run_tes/models/tes /mnt /mnt/Users/nlong/working/urban-analysis/modelica-buildings/Buildings --fmu-type ME --optimica'
Compiling Model with Optimica
Parse Model
Instantiate Model
Trouble during Optimica Compiling
2 errors and 2 warnings found:

Error at line 6, column 22, in model 'StratifiedUnloadAtMinimumTemperature':
    Cannot find class declaration for SIunits

Error at line 8, column 22, in model 'StratifiedUnloadAtMinimumTemperature':
    Cannot find class declaration for SIunits

Warning at line 23, column 3, in model 'Buildings.Fluid.Actuators.BaseClasses.ValveParameters',
In components:
    valBot
    valMed
    valTop
    The component m_flow_nominal is declared multiple times and can not be verified to be identical to other declaration(s) with the same name.

Warning at line 49, column 12, in model 'Buildings.Fluid.Sources.BaseClasses.PartialSource',
In components:
    loa
    masSou
    The cardinality() function-like operator is deprecated, and will be removed in a future version of Modelica

****
Compile C Code
Spawn encountered an error:
"Error parsing xml document located at : /mnt/shared/tes/StratifiedUnloadAtMinimumTemperature/modelDescription.xml"
